Determining if the function sgemm_ exists failed with the following output:
Change Dir: /home/lio/Desktop/ceres_workshop/build/CMakeFiles/CMakeTmp

Run Build Command(s):/usr/bin/make cmTC_45083/fast && /usr/bin/make -f CMakeFiles/cmTC_45083.dir/build.make CMakeFiles/cmTC_45083.dir/build
make[1]: Entering directory '/home/lio/Desktop/ceres_workshop/build/CMakeFiles/CMakeTmp'
Building C object CMakeFiles/cmTC_45083.dir/CheckFunctionExists.c.o
/usr/bin/cc   -Wall -O3 -DCHECK_FUNCTION_EXISTS=sgemm_   -o CMakeFiles/cmTC_45083.dir/CheckFunctionExists.c.o   -c /usr/share/cmake-3.16/Modules/CheckFunctionExists.c
Linking C executable cmTC_45083
/usr/bin/cmake -E cmake_link_script CMakeFiles/cmTC_45083.dir/link.txt --verbose=1
/usr/bin/cc  -Wall -O3 -DCHECK_FUNCTION_EXISTS=sgemm_    -rdynamic CMakeFiles/cmTC_45083.dir/CheckFunctionExists.c.o  -o cmTC_45083 
/usr/bin/ld: CMakeFiles/cmTC_45083.dir/CheckFunctionExists.c.o: in function `main':
CheckFunctionExists.c:(.text.startup+0x10): undefined reference to `sgemm_'
collect2: error: ld returned 1 exit status
make[1]: *** [CMakeFiles/cmTC_45083.dir/build.make:87: cmTC_45083] Error 1
make[1]: Leaving directory '/home/lio/Desktop/ceres_workshop/build/CMakeFiles/CMakeTmp'
make: *** [Makefile:121: cmTC_45083/fast] Error 2



Performing C SOURCE FILE Test CMAKE_HAVE_LIBC_PTHREAD failed with the following output:
Change Dir: /home/lio/Desktop/ceres_workshop/build/CMakeFiles/CMakeTmp

Run Build Command(s):/usr/bin/make cmTC_48a1a/fast && /usr/bin/make -f CMakeFiles/cmTC_48a1a.dir/build.make CMakeFiles/cmTC_48a1a.dir/build
make[1]: Entering directory '/home/lio/Desktop/ceres_workshop/build/CMakeFiles/CMakeTmp'
Building C object CMakeFiles/cmTC_48a1a.dir/src.c.o
/usr/bin/cc   -Wall -O3 -DCMAKE_HAVE_LIBC_PTHREAD   -o CMakeFiles/cmTC_48a1a.dir/src.c.o   -c /home/lio/Desktop/ceres_workshop/build/CMakeFiles/CMakeTmp/src.c
Linking C executable cmTC_48a1a
/usr/bin/cmake -E cmake_link_script CMakeFiles/cmTC_48a1a.dir/link.txt --verbose=1
/usr/bin/cc  -Wall -O3 -DCMAKE_HAVE_LIBC_PTHREAD    -rdynamic CMakeFiles/cmTC_48a1a.dir/src.c.o  -o cmTC_48a1a 
/usr/bin/ld: CMakeFiles/cmTC_48a1a.dir/src.c.o: in function `main':
src.c:(.text.startup+0x29): undefined reference to `pthread_create'
/usr/bin/ld: src.c:(.text.startup+0x32): undefined reference to `pthread_detach'
/usr/bin/ld: src.c:(.text.startup+0x3d): undefined reference to `pthread_join'
collect2: error: ld returned 1 exit status
make[1]: *** [CMakeFiles/cmTC_48a1a.dir/build.make:87: cmTC_48a1a] Error 1
make[1]: Leaving directory '/home/lio/Desktop/ceres_workshop/build/CMakeFiles/CMakeTmp'
make: *** [Makefile:121: cmTC_48a1a/fast] Error 2


Source file was:
#include <pthread.h>

void* test_func(void* data)
{
  return data;
}

int main(void)
{
  pthread_t thread;
  pthread_create(&thread, NULL, test_func, NULL);
  pthread_detach(thread);
  pthread_join(thread, NULL);
  pthread_atfork(NULL, NULL, NULL);
  pthread_exit(NULL);

  return 0;
}

Determining if the function pthread_create exists in the pthreads failed with the following output:
Change Dir: /home/lio/Desktop/ceres_workshop/build/CMakeFiles/CMakeTmp

Run Build Command(s):/usr/bin/make cmTC_9eb8c/fast && /usr/bin/make -f CMakeFiles/cmTC_9eb8c.dir/build.make CMakeFiles/cmTC_9eb8c.dir/build
make[1]: Entering directory '/home/lio/Desktop/ceres_workshop/build/CMakeFiles/CMakeTmp'
Building C object CMakeFiles/cmTC_9eb8c.dir/CheckFunctionExists.c.o
/usr/bin/cc   -Wall -O3 -DCHECK_FUNCTION_EXISTS=pthread_create   -o CMakeFiles/cmTC_9eb8c.dir/CheckFunctionExists.c.o   -c /usr/share/cmake-3.16/Modules/CheckFunctionExists.c
Linking C executable cmTC_9eb8c
/usr/bin/cmake -E cmake_link_script CMakeFiles/cmTC_9eb8c.dir/link.txt --verbose=1
/usr/bin/cc  -Wall -O3 -DCHECK_FUNCTION_EXISTS=pthread_create    -rdynamic CMakeFiles/cmTC_9eb8c.dir/CheckFunctionExists.c.o  -o cmTC_9eb8c  -lpthreads 
/usr/bin/ld: cannot find -lpthreads
collect2: error: ld returned 1 exit status
make[1]: *** [CMakeFiles/cmTC_9eb8c.dir/build.make:87: cmTC_9eb8c] Error 1
make[1]: Leaving directory '/home/lio/Desktop/ceres_workshop/build/CMakeFiles/CMakeTmp'
make: *** [Makefile:121: cmTC_9eb8c/fast] Error 2



Determining if the function cheev_ exists failed with the following output:
Change Dir: /home/lio/Desktop/ceres_workshop/build/CMakeFiles/CMakeTmp

Run Build Command(s):/usr/bin/make cmTC_fc0f6/fast && /usr/bin/make -f CMakeFiles/cmTC_fc0f6.dir/build.make CMakeFiles/cmTC_fc0f6.dir/build
make[1]: Entering directory '/home/lio/Desktop/ceres_workshop/build/CMakeFiles/CMakeTmp'
Building C object CMakeFiles/cmTC_fc0f6.dir/CheckFunctionExists.c.o
/usr/bin/cc   -Wall -O3 -DCHECK_FUNCTION_EXISTS=cheev_   -o CMakeFiles/cmTC_fc0f6.dir/CheckFunctionExists.c.o   -c /usr/share/cmake-3.16/Modules/CheckFunctionExists.c
Linking C executable cmTC_fc0f6
/usr/bin/cmake -E cmake_link_script CMakeFiles/cmTC_fc0f6.dir/link.txt --verbose=1
/usr/bin/cc  -Wall -O3 -DCHECK_FUNCTION_EXISTS=cheev_    -rdynamic CMakeFiles/cmTC_fc0f6.dir/CheckFunctionExists.c.o  -o cmTC_fc0f6  /usr/lib/x86_64-linux-gnu/libf77blas.so /usr/lib/x86_64-linux-gnu/libatlas.so 
/usr/bin/ld: CMakeFiles/cmTC_fc0f6.dir/CheckFunctionExists.c.o: in function `main':
CheckFunctionExists.c:(.text.startup+0x10): undefined reference to `cheev_'
collect2: error: ld returned 1 exit status
make[1]: *** [CMakeFiles/cmTC_fc0f6.dir/build.make:89: cmTC_fc0f6] Error 1
make[1]: Leaving directory '/home/lio/Desktop/ceres_workshop/build/CMakeFiles/CMakeTmp'
make: *** [Makefile:121: cmTC_fc0f6/fast] Error 2



